<?xml version="1.0" encoding="UTF-8"?>
<testsuite xmlns:xsi="http://www.w3.org/2001/XMLSchema-instance" xsi:noNamespaceSchemaLocation="https://maven.apache.org/surefire/maven-surefire-plugin/xsd/surefire-test-report.xsd" name="TestSuite" time="160.368" tests="2" errors="0" skipped="0" failures="0">
  <properties>
[...]
</properties>
  <testcase name="demoOne" classname="demo2.projectgit.TestDemo1" time="15.861"/>
  <testcase name="demoTwo" classname="demo2.projectgit.TestDemo2" time="0.099"/>
</testsuite>