<?xml version="1.0" encoding="UTF-8"?>
<testng-results skipped="0" failed="0" ignored="0" total="2" passed="2">
  <reporter-output>
  </reporter-output>
  <suite name="Suite" duration-ms="4197" started-at="2022-01-03T16:32:19 IST" finished-at="2022-01-03T16:32:24 IST">
    <groups>
    </groups>
    <test name="Test" duration-ms="4197" started-at="2022-01-03T16:32:19 IST" finished-at="2022-01-03T16:32:24 IST">
      <class name="demo2.projectgit.TestDemo1">
        <test-method status="PASS" signature="demoOne()[pri:0, instance:demo2.projectgit.TestDemo1@3c0f93f1]" name="demoOne" duration-ms="1735" started-at="2022-01-03T16:32:22 IST" finished-at="2022-01-03T16:32:23 IST">
          <reporter-output>
          </reporter-output>
        </test-method> <!-- demoOne -->
      </class> <!-- demo2.projectgit.TestDemo1 -->
      <class name="demo2.projectgit.TestDemo2">
        <test-method status="PASS" signature="demoTwo()[pri:0, instance:demo2.projectgit.TestDemo2@5ec0a365]" name="demoTwo" duration-ms="0" started-at="2022-01-03T16:32:24 IST" finished-at="2022-01-03T16:32:24 IST">
          <reporter-output>
          </reporter-output>
        </test-method> <!-- demoTwo -->
      </class> <!-- demo2.projectgit.TestDemo2 -->
    </test> <!-- Test -->
  </suite> <!-- Suite -->
</testng-results>
