<?xml version="1.0" encoding="UTF-8"?>
<testng-results skipped="0" failed="0" ignored="0" total="2" passed="2">
  <reporter-output>
  </reporter-output>
  <suite name="Suite" duration-ms="875" started-at="2022-01-03T15:18:38 IST" finished-at="2022-01-03T15:18:39 IST">
    <groups>
    </groups>
    <test name="Test" duration-ms="875" started-at="2022-01-03T15:18:38 IST" finished-at="2022-01-03T15:18:39 IST">
      <class name="demo2.projectgit.TestDemo1">
        <test-method status="PASS" signature="demoOne()[pri:0, instance:demo2.projectgit.TestDemo1@67205a84]" name="demoOne" duration-ms="134" started-at="2022-01-03T15:18:39 IST" finished-at="2022-01-03T15:18:39 IST">
          <reporter-output>
          </reporter-output>
        </test-method> <!-- demoOne -->
      </class> <!-- demo2.projectgit.TestDemo1 -->
      <class name="demo2.projectgit.TestDemo2">
        <test-method status="PASS" signature="demoTwo()[pri:0, instance:demo2.projectgit.TestDemo2@711f39f9]" name="demoTwo" duration-ms="15" started-at="2022-01-03T15:18:39 IST" finished-at="2022-01-03T15:18:39 IST">
          <reporter-output>
          </reporter-output>
        </test-method> <!-- demoTwo -->
      </class> <!-- demo2.projectgit.TestDemo2 -->
    </test> <!-- Test -->
  </suite> <!-- Suite -->
</testng-results>
